<?xml version="1.0" encoding="UTF-8"?>
<!-- Generated by org.testng.reporters.JUnitReportReporter -->
<testsuite hostname="HTC-D-CQX99R2" failures="0" tests="5" name="makemytrip.TestCases.SearchaTicket" time="6.823" errors="0" timestamp="2024-06-03T16:46:26 IST" skipped="0">
  <testcase classname="makemytrip.TestCases.SearchaTicket" name="testFromCity" time="1.615"/>
  <testcase classname="makemytrip.TestCases.SearchaTicket" name="testToCity" time="1.697"/>
  <testcase classname="makemytrip.TestCases.SearchaTicket" name="selectDateTest" time="0.222"/>
  <testcase classname="makemytrip.TestCases.SearchaTicket" name="TravellersDataSelectTest" time="0.525"/>
  <testcase classname="makemytrip.TestCases.SearchaTicket" name="testSearchButtonFunctionality" time="2.764"/>
</testsuite> <!-- makemytrip.TestCases.SearchaTicket -->
