<?xml version="1.0" encoding="UTF-8"?>
<!-- Generated by org.testng.reporters.JUnitReportReporter -->
<testsuite hostname="HTC-D-CQX99R2" failures="0" tests="3" name="makemytrip.TestCases.SearchaTicket" time="1.270" errors="0" timestamp="2024-05-28T16:45:26 IST" skipped="0">
  <testcase classname="makemytrip.TestCases.SearchaTicket" name="testSelectFromDate" time="0.001"/>
  <testcase classname="makemytrip.TestCases.SearchaTicket" name="testFromCity" time="0.653"/>
  <testcase classname="makemytrip.TestCases.SearchaTicket" name="testToCity" time="0.616"/>
</testsuite> <!-- makemytrip.TestCases.SearchaTicket -->
