<?xml version="1.0" encoding="UTF-8"?>
<!-- Generated by org.testng.reporters.JUnitReportReporter -->
<testsuite hostname="HTC-D-CQX99R2" failures="0" tests="3" name="makemytrip.TestCases.SearchaTicket" time="1.825" errors="0" timestamp="2024-05-31T15:29:27 IST" skipped="0">
  <testcase classname="makemytrip.TestCases.SearchaTicket" name="testFromCity" time="0.657"/>
  <testcase classname="makemytrip.TestCases.SearchaTicket" name="testToCity" time="0.640"/>
  <testcase classname="makemytrip.TestCases.SearchaTicket" name="selectDate" time="0.528"/>
</testsuite> <!-- makemytrip.TestCases.SearchaTicket -->
