<?xml version="1.0" encoding="UTF-8"?>
<!-- Generated by org.testng.reporters.JUnitReportReporter -->
<testsuite hostname="HTC-D-CQX99R2" failures="0" tests="4" name="makemytrip.TestCases.SearchaTicket" time="2.070" errors="0" timestamp="2024-06-03T13:09:29 IST" skipped="0">
  <testcase classname="makemytrip.TestCases.SearchaTicket" name="testFromCity" time="0.596"/>
  <testcase classname="makemytrip.TestCases.SearchaTicket" name="testToCity" time="0.770"/>
  <testcase classname="makemytrip.TestCases.SearchaTicket" name="selectDateTest" time="0.219"/>
  <testcase classname="makemytrip.TestCases.SearchaTicket" name="TravellersDataSelectTest" time="0.485"/>
</testsuite> <!-- makemytrip.TestCases.SearchaTicket -->
