<?xml version="1.0" encoding="UTF-8"?>
<!-- Generated by org.testng.reporters.JUnitReportReporter -->
<testsuite hostname="HTC-D-CQX99R2" failures="0" tests="2" name="makemytrip.TestCases.SearchaTicket" time="0.673" errors="0" timestamp="2024-05-28T10:57:16 IST" skipped="0">
  <testcase classname="makemytrip.TestCases.SearchaTicket" name="testToCity" time="0.347"/>
  <testcase classname="makemytrip.TestCases.SearchaTicket" name="testFromCity" time="0.326"/>
</testsuite> <!-- makemytrip.TestCases.SearchaTicket -->
