<?xml version="1.0" encoding="UTF-8"?>
<!-- Generated by org.testng.reporters.JUnitReportReporter -->
<testsuite hostname="HTC-D-CQX99R2" failures="0" tests="5" name="makemytrip.TestCases.SearchaTicket" time="7.153" errors="0" timestamp="2024-06-05T14:52:37 IST" skipped="0">
  <testcase classname="makemytrip.TestCases.SearchaTicket" name="testFromCity" time="1.584"/>
  <system-out/>
  <testcase classname="makemytrip.TestCases.SearchaTicket" name="testToCity" time="1.735"/>
  <system-out/>
  <testcase classname="makemytrip.TestCases.SearchaTicket" name="selectDateTest" time="0.409"/>
  <system-out/>
  <testcase classname="makemytrip.TestCases.SearchaTicket" name="TravellersDataSelectTest" time="0.523"/>
  <system-out/>
  <testcase classname="makemytrip.TestCases.SearchaTicket" name="testSearchButtonFunctionality" time="2.902"/>
  <system-out/>
</testsuite> <!-- makemytrip.TestCases.SearchaTicket -->
