<?xml version="1.0" encoding="UTF-8"?>
<!-- Generated by org.testng.reporters.JUnitReportReporter -->
<testsuite hostname="HTC-D-CQX99R2" failures="0" tests="5" name="makemytrip.TestCases.SearchaTicket" time="10.903" errors="0" timestamp="2024-06-04T12:02:51 IST" skipped="0">
  <testcase classname="makemytrip.TestCases.SearchaTicket" name="testFromCity" time="1.638"/>
  <system-out/>
  <testcase classname="makemytrip.TestCases.SearchaTicket" name="testToCity" time="1.711"/>
  <system-out/>
  <testcase classname="makemytrip.TestCases.SearchaTicket" name="selectDateTest" time="0.250"/>
  <system-out/>
  <testcase classname="makemytrip.TestCases.SearchaTicket" name="TravellersDataSelectTest" time="0.574"/>
  <system-out/>
  <testcase classname="makemytrip.TestCases.SearchaTicket" name="testSearchButtonFunctionality" time="6.730"/>
  <system-out/>
</testsuite> <!-- makemytrip.TestCases.SearchaTicket -->
