<?xml version="1.0" encoding="UTF-8"?>
<!-- Generated by org.testng.reporters.JUnitReportReporter -->
<testsuite hostname="HTC-D-CQX99R2" failures="0" tests="3" name="makemytrip.TestCases.SearchaTicket" time="2.535" errors="0" timestamp="2024-05-31T13:57:09 IST" skipped="0">
  <testcase classname="makemytrip.TestCases.SearchaTicket" name="testFromCity" time="0.584"/>
  <testcase classname="makemytrip.TestCases.SearchaTicket" name="testToCity" time="0.618"/>
  <testcase classname="makemytrip.TestCases.SearchaTicket" name="selectDate" time="1.333"/>
</testsuite> <!-- makemytrip.TestCases.SearchaTicket -->
