<?xml version="1.0" encoding="UTF-8"?>
<!-- Generated by org.testng.reporters.JUnitReportReporter -->
<testsuite hostname="HTC-D-CQX99R2" failures="0" tests="1" name="makemytrip.TestCases.IdealWindowTest" time="4.877" errors="0" timestamp="2024-06-04T11:11:20 IST" skipped="0">
  <testcase classname="makemytrip.TestCases.IdealWindowTest" name="clickTicketingSystemAndVerifyTab" time="4.877"/>
  <system-out/>
</testsuite> <!-- makemytrip.TestCases.IdealWindowTest -->
