<?xml version="1.0" encoding="UTF-8"?>
<!-- Generated by org.testng.reporters.JUnitReportReporter -->
<testsuite hostname="HTC-D-CQX99R2" failures="0" tests="1" name="makemytrip.TestCases.SearchaTicket" time="6.076" errors="0" timestamp="2024-05-27T13:00:54 IST" skipped="0">
  <testcase classname="makemytrip.TestCases.SearchaTicket" name="launchURL" time="6.076"/>
</testsuite> <!-- makemytrip.TestCases.SearchaTicket -->
