<?xml version="1.0" encoding="UTF-8"?>
<!-- Generated by org.testng.reporters.JUnitReportReporter -->
<testsuite hostname="HTC-D-CQX99R2" failures="0" tests="3" name="makemytrip.TestCases.SearchaTicket" time="1.588" errors="0" timestamp="2024-05-31T16:53:14 IST" skipped="0">
  <testcase classname="makemytrip.TestCases.SearchaTicket" name="testFromCity" time="0.617"/>
  <testcase classname="makemytrip.TestCases.SearchaTicket" name="testToCity" time="0.688"/>
  <testcase classname="makemytrip.TestCases.SearchaTicket" name="selectDateTest" time="0.283"/>
</testsuite> <!-- makemytrip.TestCases.SearchaTicket -->
