<?xml version="1.0" encoding="UTF-8"?>
<!-- Generated by org.testng.reporters.JUnitReportReporter -->
<testsuite hostname="HTC-D-CQX99R2" failures="0" tests="5" name="makemytrip.TestCases.SearchaTicket" time="7.498" errors="0" timestamp="2024-06-05T15:29:47 IST" skipped="0">
  <testcase classname="makemytrip.TestCases.SearchaTicket" name="testFromCity" time="1.584"/>
  <system-out/>
  <testcase classname="makemytrip.TestCases.SearchaTicket" name="testToCity" time="1.687"/>
  <system-out/>
  <testcase classname="makemytrip.TestCases.SearchaTicket" name="selectDateTest" time="0.785"/>
  <system-out/>
  <testcase classname="makemytrip.TestCases.SearchaTicket" name="travellersDataSelectTest" time="0.504"/>
  <system-out/>
  <testcase classname="makemytrip.TestCases.SearchaTicket" name="testSearchButtonFunctionality" time="2.938"/>
  <system-out/>
</testsuite> <!-- makemytrip.TestCases.SearchaTicket -->
