<?xml version="1.0" encoding="UTF-8"?>
<!-- Generated by org.testng.reporters.JUnitReportReporter -->
<testsuite hostname="HTC-D-CQX99R2" failures="0" tests="2" name="makemytrip.TestCases.SearchaTicket" time="0.550" errors="0" timestamp="2024-05-27T18:31:42 IST" skipped="0">
  <testcase classname="makemytrip.TestCases.SearchaTicket" name="toCity" time="0.293"/>
  <testcase classname="makemytrip.TestCases.SearchaTicket" name="fromCity" time="0.257"/>
</testsuite> <!-- makemytrip.TestCases.SearchaTicket -->
