<?xml version="1.0" encoding="UTF-8"?>
<!-- Generated by org.testng.reporters.JUnitReportReporter -->
<testsuite hostname="HTC-D-CQX99R2" failures="0" tests="5" name="makemytrip.TestCases.SearchaTicket" time="7.188" errors="0" timestamp="2024-06-05T13:02:33 IST" skipped="0">
  <testcase classname="makemytrip.TestCases.SearchaTicket" name="testFromCity" time="1.632"/>
  <system-out/>
  <testcase classname="makemytrip.TestCases.SearchaTicket" name="testToCity" time="1.691"/>
  <system-out/>
  <testcase classname="makemytrip.TestCases.SearchaTicket" name="selectDateTest" time="0.238"/>
  <system-out/>
  <testcase classname="makemytrip.TestCases.SearchaTicket" name="TravellersDataSelectTest" time="0.486"/>
  <system-out/>
  <testcase classname="makemytrip.TestCases.SearchaTicket" name="testSearchButtonFunctionality" time="3.141"/>
  <system-out/>
</testsuite> <!-- makemytrip.TestCases.SearchaTicket -->
