<?xml version="1.0" encoding="UTF-8"?>
<!-- Generated by org.testng.reporters.JUnitReportReporter -->
<testsuite hostname="HTC-D-CQX99R2" failures="0" tests="5" name="makemytrip.TestCases.SearchaTicket" time="7.475" errors="0" timestamp="2024-06-03T15:43:54 IST" skipped="0">
  <testcase classname="makemytrip.TestCases.SearchaTicket" name="testFromCity" time="1.690"/>
  <testcase classname="makemytrip.TestCases.SearchaTicket" name="testToCity" time="1.672"/>
  <testcase classname="makemytrip.TestCases.SearchaTicket" name="selectDateTest" time="0.217"/>
  <testcase classname="makemytrip.TestCases.SearchaTicket" name="TravellersDataSelectTest" time="0.499"/>
  <testcase classname="makemytrip.TestCases.SearchaTicket" name="testSearchButtonFunctionality" time="3.397"/>
</testsuite> <!-- makemytrip.TestCases.SearchaTicket -->
